2017-04-05 08:18:39,257 ERROR org.apache.hadoop.util.Shell                                  - Failed to locate the winutils binary in the hadoop binary path
java.io.IOException: Could not locate executable null\bin\winutils.exe in the Hadoop binaries.
	at org.apache.hadoop.util.Shell.getQualifiedBinPath(Shell.java:356)
	at org.apache.hadoop.util.Shell.getWinUtilsPath(Shell.java:371)
	at org.apache.hadoop.util.Shell.<clinit>(Shell.java:364)
	at org.apache.hadoop.util.StringUtils.<clinit>(StringUtils.java:80)
	at org.apache.hadoop.security.SecurityUtil.getAuthenticationMethod(SecurityUtil.java:611)
	at org.apache.hadoop.security.UserGroupInformation.initialize(UserGroupInformation.java:272)
	at org.apache.hadoop.security.UserGroupInformation.ensureInitialized(UserGroupInformation.java:260)
	at org.apache.hadoop.security.UserGroupInformation.loginUserFromSubject(UserGroupInformation.java:790)
	at org.apache.hadoop.security.UserGroupInformation.getLoginUser(UserGroupInformation.java:760)
	at org.apache.hadoop.security.UserGroupInformation.getCurrentUser(UserGroupInformation.java:633)
	at org.apache.flink.runtime.util.EnvironmentInformation.getUserRunning(EnvironmentInformation.java:91)
	at org.apache.flink.runtime.util.EnvironmentInformation.logEnvironmentInfo(EnvironmentInformation.java:267)
	at org.apache.flink.runtime.jobmanager.JobManager$.main(JobManager.scala:1920)
	at org.apache.flink.runtime.jobmanager.JobManager.main(JobManager.scala)
2017-04-05 08:18:39,286 WARN  org.apache.hadoop.util.NativeCodeLoader                       - Unable to load native-hadoop library for your platform... using builtin-java classes where applicable
2017-04-05 08:18:39,367 INFO  org.apache.flink.runtime.jobmanager.JobManager                - --------------------------------------------------------------------------------
2017-04-05 08:18:39,368 INFO  org.apache.flink.runtime.jobmanager.JobManager                -  Starting JobManager (Version: 1.2.0, Rev:1c659cf, Date:29.01.2017 @ 21:19:15 UTC)
2017-04-05 08:18:39,368 INFO  org.apache.flink.runtime.jobmanager.JobManager                -  Current user: erihedma
2017-04-05 08:18:39,368 INFO  org.apache.flink.runtime.jobmanager.JobManager                -  JVM: Java HotSpot(TM) 64-Bit Server VM - Oracle Corporation - 1.8/25.121-b13
2017-04-05 08:18:39,368 INFO  org.apache.flink.runtime.jobmanager.JobManager                -  Maximum heap size: 736 MiBytes
2017-04-05 08:18:39,368 INFO  org.apache.flink.runtime.jobmanager.JobManager                -  JAVA_HOME: C:\Program Files\Java\jdk1.8.0_121
2017-04-05 08:18:39,370 INFO  org.apache.flink.runtime.jobmanager.JobManager                -  Hadoop version: 2.7.2
2017-04-05 08:18:39,370 INFO  org.apache.flink.runtime.jobmanager.JobManager                -  JVM Options:
2017-04-05 08:18:39,370 INFO  org.apache.flink.runtime.jobmanager.JobManager                -     -Xms768m
2017-04-05 08:18:39,370 INFO  org.apache.flink.runtime.jobmanager.JobManager                -     -Xmx768m
2017-04-05 08:18:39,370 INFO  org.apache.flink.runtime.jobmanager.JobManager                -     -Dlog.file=C:\Users\erihedma\AILogisticProject\flink-1.2.0\bin\..\log\flink-erihedma-jobmanager-LAPTOP-ICO4B5VC.log
2017-04-05 08:18:39,370 INFO  org.apache.flink.runtime.jobmanager.JobManager                -     -Dlogback.configurationFile=file:C:\Users\erihedma\AILogisticProject\flink-1.2.0\bin\..\conf/logback.xml
2017-04-05 08:18:39,370 INFO  org.apache.flink.runtime.jobmanager.JobManager                -     -Dlog4j.configuration=file:C:\Users\erihedma\AILogisticProject\flink-1.2.0\bin\..\conf/log4j.properties
2017-04-05 08:18:39,370 INFO  org.apache.flink.runtime.jobmanager.JobManager                -  Program Arguments:
2017-04-05 08:18:39,370 INFO  org.apache.flink.runtime.jobmanager.JobManager                -     --configDir
2017-04-05 08:18:39,370 INFO  org.apache.flink.runtime.jobmanager.JobManager                -     C:\Users\erihedma\AILogisticProject\flink-1.2.0\bin\..\conf
2017-04-05 08:18:39,370 INFO  org.apache.flink.runtime.jobmanager.JobManager                -     --executionMode
2017-04-05 08:18:39,371 INFO  org.apache.flink.runtime.jobmanager.JobManager                -     local
2017-04-05 08:18:39,371 INFO  org.apache.flink.runtime.jobmanager.JobManager                -  Classpath: C:\Users\erihedma\AILogisticProject\flink-1.2.0\bin\..\lib\flink-dist_2.11-1.2.0.jar;C:\Users\erihedma\AILogisticProject\flink-1.2.0\bin\..\lib\flink-python_2.11-1.2.0.jar;C:\Users\erihedma\AILogisticProject\flink-1.2.0\bin\..\lib\log4j-1.2.17.jar;C:\Users\erihedma\AILogisticProject\flink-1.2.0\bin\..\lib\slf4j-log4j12-1.7.7.jar;
2017-04-05 08:18:39,371 INFO  org.apache.flink.runtime.jobmanager.JobManager                - --------------------------------------------------------------------------------
2017-04-05 08:18:39,371 INFO  org.apache.flink.runtime.jobmanager.JobManager                - Error while registering signal handler
java.lang.IllegalArgumentException: Unknown signal: HUP
	at sun.misc.Signal.<init>(Unknown Source)
	at org.apache.flink.runtime.util.SignalHandler$Handler.<init>(SignalHandler.java:41)
	at org.apache.flink.runtime.util.SignalHandler.register(SignalHandler.java:78)
	at org.apache.flink.runtime.jobmanager.JobManager$.main(JobManager.scala:1921)
	at org.apache.flink.runtime.jobmanager.JobManager.main(JobManager.scala)
2017-04-05 08:18:39,372 INFO  org.apache.flink.runtime.jobmanager.JobManager                - Registered UNIX signal handlers for [TERM, INT]
2017-04-05 08:18:39,480 INFO  org.apache.flink.runtime.jobmanager.JobManager                - Loading configuration from C:\Users\erihedma\AILogisticProject\flink-1.2.0\bin\..\conf
2017-04-05 08:18:39,488 INFO  org.apache.flink.configuration.GlobalConfiguration            - Loading configuration property: jobmanager.rpc.address, localhost
2017-04-05 08:18:39,488 INFO  org.apache.flink.configuration.GlobalConfiguration            - Loading configuration property: jobmanager.rpc.port, 6123
2017-04-05 08:18:39,488 INFO  org.apache.flink.configuration.GlobalConfiguration            - Loading configuration property: jobmanager.heap.mb, 256
2017-04-05 08:18:39,488 INFO  org.apache.flink.configuration.GlobalConfiguration            - Loading configuration property: taskmanager.heap.mb, 512
2017-04-05 08:18:39,488 INFO  org.apache.flink.configuration.GlobalConfiguration            - Loading configuration property: taskmanager.numberOfTaskSlots, 1
2017-04-05 08:18:39,488 INFO  org.apache.flink.configuration.GlobalConfiguration            - Loading configuration property: taskmanager.memory.preallocate, false
2017-04-05 08:18:39,488 INFO  org.apache.flink.configuration.GlobalConfiguration            - Loading configuration property: parallelism.default, 1
2017-04-05 08:18:39,488 INFO  org.apache.flink.configuration.GlobalConfiguration            - Loading configuration property: jobmanager.web.port, 8081
2017-04-05 08:18:39,494 INFO  org.apache.flink.runtime.jobmanager.JobManager                - Starting JobManager without high-availability
2017-04-05 08:18:39,496 INFO  org.apache.flink.runtime.jobmanager.JobManager                - Starting JobManager on localhost:6123 with execution mode LOCAL
2017-04-05 08:18:39,514 INFO  org.apache.flink.configuration.GlobalConfiguration            - Loading configuration property: jobmanager.rpc.address, localhost
2017-04-05 08:18:39,515 INFO  org.apache.flink.configuration.GlobalConfiguration            - Loading configuration property: jobmanager.rpc.port, 6123
2017-04-05 08:18:39,515 INFO  org.apache.flink.configuration.GlobalConfiguration            - Loading configuration property: jobmanager.heap.mb, 256
2017-04-05 08:18:39,515 INFO  org.apache.flink.configuration.GlobalConfiguration            - Loading configuration property: taskmanager.heap.mb, 512
2017-04-05 08:18:39,516 INFO  org.apache.flink.configuration.GlobalConfiguration            - Loading configuration property: taskmanager.numberOfTaskSlots, 1
2017-04-05 08:18:39,516 INFO  org.apache.flink.configuration.GlobalConfiguration            - Loading configuration property: taskmanager.memory.preallocate, false
2017-04-05 08:18:39,516 INFO  org.apache.flink.configuration.GlobalConfiguration            - Loading configuration property: parallelism.default, 1
2017-04-05 08:18:39,516 INFO  org.apache.flink.configuration.GlobalConfiguration            - Loading configuration property: jobmanager.web.port, 8081
2017-04-05 08:18:39,551 INFO  org.apache.flink.runtime.security.modules.HadoopModule        - Hadoop user set to erihedma (auth:SIMPLE)
2017-04-05 08:18:39,830 INFO  org.apache.flink.runtime.jobmanager.JobManager                - Starting JobManager actor system reachable at localhost:6123
2017-04-05 08:18:40,083 INFO  akka.event.slf4j.Slf4jLogger                                  - Slf4jLogger started
2017-04-05 08:18:40,120 INFO  Remoting                                                      - Starting remoting
2017-04-05 08:18:40,387 INFO  Remoting                                                      - Remoting started; listening on addresses :[akka.tcp://flink@localhost:6123]
2017-04-05 08:18:40,391 INFO  org.apache.flink.runtime.jobmanager.JobManager                - Starting JobManager web frontend
2017-04-05 08:18:40,405 INFO  org.apache.flink.runtime.webmonitor.WebMonitorUtils           - Determined location of JobManager log file: C:\Users\erihedma\AILogisticProject\flink-1.2.0\bin\..\log\flink-erihedma-jobmanager-LAPTOP-ICO4B5VC.log
2017-04-05 08:18:40,405 INFO  org.apache.flink.runtime.webmonitor.WebMonitorUtils           - Determined location of JobManager stdout file: C:\Users\erihedma\AILogisticProject\flink-1.2.0\bin\..\log\flink-erihedma-jobmanager-LAPTOP-ICO4B5VC.out
2017-04-05 08:18:40,406 INFO  org.apache.flink.runtime.webmonitor.WebRuntimeMonitor         - Using directory C:\tmp\flink-web-f15b03c7-a165-416f-ba96-318053e3480e for the web interface files
2017-04-05 08:18:40,406 INFO  org.apache.flink.runtime.webmonitor.WebRuntimeMonitor         - Using directory C:\tmp\flink-web-97fe8274-1d43-4dcd-8340-f2380b4b7cdb for web frontend JAR file uploads
2017-04-05 08:18:40,933 INFO  org.apache.flink.runtime.webmonitor.WebRuntimeMonitor         - Web frontend listening at 0:0:0:0:0:0:0:0:8081
2017-04-05 08:18:40,933 INFO  org.apache.flink.runtime.jobmanager.JobManager                - Starting JobManager actor
2017-04-05 08:18:40,939 INFO  org.apache.flink.runtime.blob.BlobServer                      - Created BLOB server storage directory C:\tmp\blobStore-8dbd3233-7974-40f1-9721-0675e1d4da98
2017-04-05 08:18:40,940 INFO  org.apache.flink.runtime.blob.BlobServer                      - Started BLOB server at 0.0.0.0:59971 - max concurrent requests: 50 - max backlog: 1000
2017-04-05 08:18:40,952 INFO  org.apache.flink.runtime.metrics.MetricRegistry               - No metrics reporter configured, no metrics will be exposed/reported.
2017-04-05 08:18:40,959 INFO  org.apache.flink.runtime.jobmanager.MemoryArchivist           - Started memory archivist akka://flink/user/archive
2017-04-05 08:18:40,962 INFO  org.apache.flink.runtime.jobmanager.JobManager                - Starting embedded TaskManager for JobManager's LOCAL execution mode
2017-04-05 08:18:40,969 INFO  org.apache.flink.runtime.jobmanager.JobManager                - Starting JobManager at akka.tcp://flink@localhost:6123/user/jobmanager.
2017-04-05 08:18:40,991 INFO  org.apache.flink.runtime.taskmanager.TaskManager              - Messages between TaskManager and JobManager have a max timeout of 10000 milliseconds
2017-04-05 08:18:41,000 INFO  org.apache.flink.runtime.taskmanager.TaskManager              - Temporary file directory 'C:\tmp': total 237 GB, usable 178 GB (75,11% usable)
2017-04-05 08:18:41,029 INFO  org.apache.flink.runtime.io.network.buffer.NetworkBufferPool  - Allocated 64 MB for network buffer pool (number of memory segments: 2048, bytes per segment: 32768).
2017-04-05 08:18:41,059 INFO  org.apache.flink.runtime.io.network.NetworkEnvironment        - Starting the network environment and its components.
2017-04-05 08:18:41,064 WARN  org.apache.flink.runtime.taskmanager.TaskManagerLocation      - No hostname could be resolved for the IP address 127.0.0.1, using IP address as host name. Local input split assignment (such as for HDFS files) may be impacted.
2017-04-05 08:18:41,164 INFO  org.apache.flink.runtime.taskmanager.TaskManager              - Limiting managed memory to 0.7 of the currently free heap space (462 MB), memory will be allocated lazily.
2017-04-05 08:18:41,170 INFO  org.apache.flink.runtime.io.disk.iomanager.IOManager          - I/O manager uses directory C:\tmp\flink-io-f1f6987d-e7c0-4fcd-8265-2d4c5508c69b for spill files.
2017-04-05 08:18:41,171 INFO  org.apache.flink.runtime.metrics.MetricRegistry               - No metrics reporter configured, no metrics will be exposed/reported.
2017-04-05 08:18:41,175 INFO  org.apache.flink.runtime.webmonitor.WebRuntimeMonitor         - Starting with JobManager akka.tcp://flink@localhost:6123/user/jobmanager on port 8081
2017-04-05 08:18:41,177 INFO  org.apache.flink.runtime.webmonitor.JobManagerRetriever       - New leader reachable under akka.tcp://flink@localhost:6123/user/jobmanager:null.
2017-04-05 08:18:41,188 INFO  org.apache.flink.runtime.clusterframework.standalone.StandaloneResourceManager  - Trying to associate with JobManager leader akka.tcp://flink@localhost:6123/user/jobmanager
2017-04-05 08:18:41,191 INFO  org.apache.flink.runtime.filecache.FileCache                  - User file cache uses directory C:\tmp\flink-dist-cache-2f0476e3-ad06-4bb9-a07e-c14107706903
2017-04-05 08:18:41,210 INFO  org.apache.flink.runtime.taskmanager.TaskManager              - Starting TaskManager actor at akka://flink/user/taskmanager#774458739.
2017-04-05 08:18:41,211 INFO  org.apache.flink.runtime.taskmanager.TaskManager              - TaskManager data connection information: ResourceID{resourceId='fb01e61ad81c1a162a3b1c19ac9f32d1'} @ 127.0.0.1 (dataPort=-1)
2017-04-05 08:18:41,211 INFO  org.apache.flink.runtime.taskmanager.TaskManager              - TaskManager has 1 task slot(s).
2017-04-05 08:18:41,214 INFO  org.apache.flink.runtime.taskmanager.TaskManager              - Memory usage stats: [HEAP: 83/736/736 MB, NON HEAP: 34/35/-1 MB (used/committed/max)]
2017-04-05 08:18:41,222 INFO  org.apache.flink.runtime.taskmanager.TaskManager              - Trying to register at JobManager akka.tcp://flink@localhost:6123/user/jobmanager (attempt 1, timeout: 500 milliseconds)
2017-04-05 08:18:41,774 INFO  org.apache.flink.runtime.taskmanager.TaskManager              - Trying to register at JobManager akka.tcp://flink@localhost:6123/user/jobmanager (attempt 2, timeout: 1000 milliseconds)
2017-04-05 08:18:42,797 INFO  org.apache.flink.runtime.taskmanager.TaskManager              - Trying to register at JobManager akka.tcp://flink@localhost:6123/user/jobmanager (attempt 3, timeout: 2000 milliseconds)
2017-04-05 08:18:43,316 INFO  org.apache.flink.runtime.jobmanager.JobManager                - JobManager akka.tcp://flink@localhost:6123/user/jobmanager was granted leadership with leader session ID None.
2017-04-05 08:18:43,321 INFO  org.apache.flink.runtime.clusterframework.standalone.StandaloneResourceManager  - Resource Manager associating with leading JobManager Actor[akka://flink/user/jobmanager#-1144777956] - leader session null
2017-04-05 08:18:43,321 INFO  org.apache.flink.runtime.clusterframework.standalone.StandaloneResourceManager  - TaskManager ResourceID{resourceId='fb01e61ad81c1a162a3b1c19ac9f32d1'} has started.
2017-04-05 08:18:43,323 INFO  org.apache.flink.runtime.instance.InstanceManager             - Registered TaskManager at 127.0.0.1 (akka://flink/user/taskmanager) as 942d6ad9b1fcdf0d2dde991a00a43fee. Current number of registered hosts is 1. Current number of alive task slots is 1.
2017-04-05 08:18:43,325 INFO  org.apache.flink.runtime.taskmanager.TaskManager              - Successful registration at JobManager (akka://flink/user/jobmanager), starting network stack and library cache.
2017-04-05 08:18:43,328 INFO  org.apache.flink.runtime.taskmanager.TaskManager              - Determined BLOB server address to be localhost/127.0.0.1:59971. Starting BLOB cache.
2017-04-05 08:18:43,330 INFO  org.apache.flink.runtime.blob.BlobCache                       - Created BLOB cache storage directory C:\tmp\blobStore-6e78de59-f062-4d5c-99d8-1edab5fc9dbe
2017-04-05 08:35:54,195 INFO  org.apache.flink.runtime.jobmanager.JobManager                - Submitting job 2e9f4d31f78dfaaa57e97ce184d9ad16 (Flink Java Job at Wed Apr 05 08:35:53 CEST 2017).
2017-04-05 08:35:54,215 INFO  org.apache.flink.runtime.jobmanager.JobManager                - Using restart strategy NoRestartStrategy for 2e9f4d31f78dfaaa57e97ce184d9ad16.
2017-04-05 08:35:54,236 INFO  org.apache.flink.runtime.jobmanager.JobManager                - Running initialization on master for job Flink Java Job at Wed Apr 05 08:35:53 CEST 2017 (2e9f4d31f78dfaaa57e97ce184d9ad16).
2017-04-05 08:35:54,262 INFO  org.apache.flink.runtime.jobmanager.JobManager                - Successfully ran initialization on master in 26 ms.
2017-04-05 08:35:54,292 INFO  org.apache.flink.runtime.jobmanager.JobManager                - Scheduling job 2e9f4d31f78dfaaa57e97ce184d9ad16 (Flink Java Job at Wed Apr 05 08:35:53 CEST 2017).
2017-04-05 08:35:54,292 INFO  org.apache.flink.runtime.executiongraph.ExecutionGraph        - Job Flink Java Job at Wed Apr 05 08:35:53 CEST 2017 (2e9f4d31f78dfaaa57e97ce184d9ad16) switched from state CREATED to RUNNING.
2017-04-05 08:35:54,293 INFO  org.apache.flink.runtime.executiongraph.ExecutionGraph        - CHAIN DataSource (at getDefaultTextLineDataSet(WordCountData.java:70) (org.apache.flink.api.java.io.CollectionInputFormat)) -> FlatMap (FlatMap at main(WordCount.java:78)) -> Combine(SUM(1), at main(WordCount.java:78) (1/1) (8555d8556cbdc461e1c08390b92d5144) switched from CREATED to SCHEDULED.
2017-04-05 08:35:54,334 INFO  org.apache.flink.runtime.executiongraph.ExecutionGraph        - CHAIN DataSource (at getDefaultTextLineDataSet(WordCountData.java:70) (org.apache.flink.api.java.io.CollectionInputFormat)) -> FlatMap (FlatMap at main(WordCount.java:78)) -> Combine(SUM(1), at main(WordCount.java:78) (1/1) (8555d8556cbdc461e1c08390b92d5144) switched from SCHEDULED to DEPLOYING.
2017-04-05 08:35:54,335 INFO  org.apache.flink.runtime.executiongraph.ExecutionGraph        - Deploying CHAIN DataSource (at getDefaultTextLineDataSet(WordCountData.java:70) (org.apache.flink.api.java.io.CollectionInputFormat)) -> FlatMap (FlatMap at main(WordCount.java:78)) -> Combine(SUM(1), at main(WordCount.java:78) (1/1) (attempt #0) to 127.0.0.1
2017-04-05 08:35:54,408 INFO  org.apache.flink.runtime.taskmanager.TaskManager              - Received task CHAIN DataSource (at getDefaultTextLineDataSet(WordCountData.java:70) (org.apache.flink.api.java.io.CollectionInputFormat)) -> FlatMap (FlatMap at main(WordCount.java:78)) -> Combine(SUM(1), at main(WordCount.java:78) (1/1)
2017-04-05 08:35:54,427 INFO  org.apache.flink.runtime.taskmanager.Task                     - CHAIN DataSource (at getDefaultTextLineDataSet(WordCountData.java:70) (org.apache.flink.api.java.io.CollectionInputFormat)) -> FlatMap (FlatMap at main(WordCount.java:78)) -> Combine(SUM(1), at main(WordCount.java:78) (1/1) (8555d8556cbdc461e1c08390b92d5144) switched from CREATED to DEPLOYING.
2017-04-05 08:35:54,432 INFO  org.apache.flink.core.fs.FileSystem                           - Created new CloseableRegistry org.apache.flink.core.fs.SafetyNetCloseableRegistry@4a8836cb for CHAIN DataSource (at getDefaultTextLineDataSet(WordCountData.java:70) (org.apache.flink.api.java.io.CollectionInputFormat)) -> FlatMap (FlatMap at main(WordCount.java:78)) -> Combine(SUM(1), at main(WordCount.java:78) (1/1)
2017-04-05 08:35:54,432 INFO  org.apache.flink.runtime.taskmanager.Task                     - Loading JAR files for task CHAIN DataSource (at getDefaultTextLineDataSet(WordCountData.java:70) (org.apache.flink.api.java.io.CollectionInputFormat)) -> FlatMap (FlatMap at main(WordCount.java:78)) -> Combine(SUM(1), at main(WordCount.java:78) (1/1) (8555d8556cbdc461e1c08390b92d5144) [DEPLOYING].
2017-04-05 08:35:54,433 INFO  org.apache.flink.runtime.blob.BlobCache                       - Downloading 3b74c87586254e5f1de198cf7d42217392d77b2b from localhost/127.0.0.1:59971
2017-04-05 08:35:54,478 INFO  org.apache.flink.runtime.taskmanager.Task                     - Registering task at network: CHAIN DataSource (at getDefaultTextLineDataSet(WordCountData.java:70) (org.apache.flink.api.java.io.CollectionInputFormat)) -> FlatMap (FlatMap at main(WordCount.java:78)) -> Combine(SUM(1), at main(WordCount.java:78) (1/1) (8555d8556cbdc461e1c08390b92d5144) [DEPLOYING].
2017-04-05 08:35:54,481 INFO  org.apache.flink.runtime.taskmanager.Task                     - CHAIN DataSource (at getDefaultTextLineDataSet(WordCountData.java:70) (org.apache.flink.api.java.io.CollectionInputFormat)) -> FlatMap (FlatMap at main(WordCount.java:78)) -> Combine(SUM(1), at main(WordCount.java:78) (1/1) (8555d8556cbdc461e1c08390b92d5144) switched from DEPLOYING to RUNNING.
2017-04-05 08:35:54,494 INFO  org.apache.flink.runtime.executiongraph.ExecutionGraph        - CHAIN DataSource (at getDefaultTextLineDataSet(WordCountData.java:70) (org.apache.flink.api.java.io.CollectionInputFormat)) -> FlatMap (FlatMap at main(WordCount.java:78)) -> Combine(SUM(1), at main(WordCount.java:78) (1/1) (8555d8556cbdc461e1c08390b92d5144) switched from DEPLOYING to RUNNING.
2017-04-05 08:35:54,865 INFO  org.apache.flink.runtime.executiongraph.ExecutionGraph        - Reduce (SUM(1), at main(WordCount.java:78) (1/1) (245d19a1c48303d093c0dfa06264453b) switched from CREATED to SCHEDULED.
2017-04-05 08:35:54,866 INFO  org.apache.flink.runtime.executiongraph.ExecutionGraph        - Reduce (SUM(1), at main(WordCount.java:78) (1/1) (245d19a1c48303d093c0dfa06264453b) switched from SCHEDULED to DEPLOYING.
2017-04-05 08:35:54,866 INFO  org.apache.flink.runtime.executiongraph.ExecutionGraph        - Deploying Reduce (SUM(1), at main(WordCount.java:78) (1/1) (attempt #0) to 127.0.0.1
2017-04-05 08:35:54,874 INFO  org.apache.flink.runtime.taskmanager.Task                     - CHAIN DataSource (at getDefaultTextLineDataSet(WordCountData.java:70) (org.apache.flink.api.java.io.CollectionInputFormat)) -> FlatMap (FlatMap at main(WordCount.java:78)) -> Combine(SUM(1), at main(WordCount.java:78) (1/1) (8555d8556cbdc461e1c08390b92d5144) switched from RUNNING to FINISHED.
2017-04-05 08:35:54,874 INFO  org.apache.flink.runtime.taskmanager.Task                     - Freeing task resources for CHAIN DataSource (at getDefaultTextLineDataSet(WordCountData.java:70) (org.apache.flink.api.java.io.CollectionInputFormat)) -> FlatMap (FlatMap at main(WordCount.java:78)) -> Combine(SUM(1), at main(WordCount.java:78) (1/1) (8555d8556cbdc461e1c08390b92d5144).
2017-04-05 08:35:54,875 INFO  org.apache.flink.core.fs.FileSystem                           - Ensuring all FileSystem streams are closed for CHAIN DataSource (at getDefaultTextLineDataSet(WordCountData.java:70) (org.apache.flink.api.java.io.CollectionInputFormat)) -> FlatMap (FlatMap at main(WordCount.java:78)) -> Combine(SUM(1), at main(WordCount.java:78) (1/1)
2017-04-05 08:35:54,883 INFO  org.apache.flink.runtime.taskmanager.TaskManager              - Received task Reduce (SUM(1), at main(WordCount.java:78) (1/1)
2017-04-05 08:35:54,884 INFO  org.apache.flink.runtime.taskmanager.TaskManager              - Un-registering task and sending final execution state FINISHED to JobManager for task CHAIN DataSource (at getDefaultTextLineDataSet(WordCountData.java:70) (org.apache.flink.api.java.io.CollectionInputFormat)) -> FlatMap (FlatMap at main(WordCount.java:78)) -> Combine(SUM(1), at main(WordCount.java:78) (8555d8556cbdc461e1c08390b92d5144)
2017-04-05 08:35:54,889 INFO  org.apache.flink.runtime.taskmanager.Task                     - Reduce (SUM(1), at main(WordCount.java:78) (1/1) (245d19a1c48303d093c0dfa06264453b) switched from CREATED to DEPLOYING.
2017-04-05 08:35:54,891 INFO  org.apache.flink.core.fs.FileSystem                           - Created new CloseableRegistry org.apache.flink.core.fs.SafetyNetCloseableRegistry@fc35fe2 for Reduce (SUM(1), at main(WordCount.java:78) (1/1)
2017-04-05 08:35:54,891 INFO  org.apache.flink.runtime.taskmanager.Task                     - Loading JAR files for task Reduce (SUM(1), at main(WordCount.java:78) (1/1) (245d19a1c48303d093c0dfa06264453b) [DEPLOYING].
2017-04-05 08:35:54,894 INFO  org.apache.flink.runtime.taskmanager.Task                     - Registering task at network: Reduce (SUM(1), at main(WordCount.java:78) (1/1) (245d19a1c48303d093c0dfa06264453b) [DEPLOYING].
2017-04-05 08:35:54,894 INFO  org.apache.flink.runtime.taskmanager.Task                     - Reduce (SUM(1), at main(WordCount.java:78) (1/1) (245d19a1c48303d093c0dfa06264453b) switched from DEPLOYING to RUNNING.
2017-04-05 08:35:54,906 INFO  org.apache.flink.runtime.executiongraph.ExecutionGraph        - Reduce (SUM(1), at main(WordCount.java:78) (1/1) (245d19a1c48303d093c0dfa06264453b) switched from DEPLOYING to RUNNING.
2017-04-05 08:35:54,908 INFO  org.apache.flink.runtime.executiongraph.ExecutionGraph        - CHAIN DataSource (at getDefaultTextLineDataSet(WordCountData.java:70) (org.apache.flink.api.java.io.CollectionInputFormat)) -> FlatMap (FlatMap at main(WordCount.java:78)) -> Combine(SUM(1), at main(WordCount.java:78) (1/1) (8555d8556cbdc461e1c08390b92d5144) switched from RUNNING to FINISHED.
2017-04-05 08:35:55,021 INFO  org.apache.flink.runtime.executiongraph.ExecutionGraph        - DataSink (collect()) (1/1) (93106094c53a3fa1ad433ee22bfe71c1) switched from CREATED to SCHEDULED.
2017-04-05 08:35:55,021 INFO  org.apache.flink.runtime.executiongraph.ExecutionGraph        - DataSink (collect()) (1/1) (93106094c53a3fa1ad433ee22bfe71c1) switched from SCHEDULED to DEPLOYING.
2017-04-05 08:35:55,022 INFO  org.apache.flink.runtime.executiongraph.ExecutionGraph        - Deploying DataSink (collect()) (1/1) (attempt #0) to 127.0.0.1
2017-04-05 08:35:55,024 INFO  org.apache.flink.runtime.taskmanager.Task                     - Reduce (SUM(1), at main(WordCount.java:78) (1/1) (245d19a1c48303d093c0dfa06264453b) switched from RUNNING to FINISHED.
2017-04-05 08:35:55,024 INFO  org.apache.flink.runtime.taskmanager.Task                     - Freeing task resources for Reduce (SUM(1), at main(WordCount.java:78) (1/1) (245d19a1c48303d093c0dfa06264453b).
2017-04-05 08:35:55,024 INFO  org.apache.flink.core.fs.FileSystem                           - Ensuring all FileSystem streams are closed for Reduce (SUM(1), at main(WordCount.java:78) (1/1)
2017-04-05 08:35:55,028 INFO  org.apache.flink.runtime.taskmanager.TaskManager              - Un-registering task and sending final execution state FINISHED to JobManager for task Reduce (SUM(1), at main(WordCount.java:78) (245d19a1c48303d093c0dfa06264453b)
2017-04-05 08:35:55,030 INFO  org.apache.flink.runtime.taskmanager.TaskManager              - Received task DataSink (collect()) (1/1)
2017-04-05 08:35:55,031 INFO  org.apache.flink.runtime.executiongraph.ExecutionGraph        - Reduce (SUM(1), at main(WordCount.java:78) (1/1) (245d19a1c48303d093c0dfa06264453b) switched from RUNNING to FINISHED.
2017-04-05 08:35:55,033 INFO  org.apache.flink.runtime.taskmanager.Task                     - DataSink (collect()) (1/1) (93106094c53a3fa1ad433ee22bfe71c1) switched from CREATED to DEPLOYING.
2017-04-05 08:35:55,035 INFO  org.apache.flink.core.fs.FileSystem                           - Created new CloseableRegistry org.apache.flink.core.fs.SafetyNetCloseableRegistry@3c0643f7 for DataSink (collect()) (1/1)
2017-04-05 08:35:55,035 INFO  org.apache.flink.runtime.taskmanager.Task                     - Loading JAR files for task DataSink (collect()) (1/1) (93106094c53a3fa1ad433ee22bfe71c1) [DEPLOYING].
2017-04-05 08:35:55,042 INFO  org.apache.flink.runtime.taskmanager.Task                     - Registering task at network: DataSink (collect()) (1/1) (93106094c53a3fa1ad433ee22bfe71c1) [DEPLOYING].
2017-04-05 08:35:55,042 INFO  org.apache.flink.runtime.taskmanager.Task                     - DataSink (collect()) (1/1) (93106094c53a3fa1ad433ee22bfe71c1) switched from DEPLOYING to RUNNING.
2017-04-05 08:35:55,047 INFO  org.apache.flink.runtime.executiongraph.ExecutionGraph        - DataSink (collect()) (1/1) (93106094c53a3fa1ad433ee22bfe71c1) switched from DEPLOYING to RUNNING.
2017-04-05 08:35:55,049 INFO  org.apache.flink.runtime.taskmanager.Task                     - DataSink (collect()) (1/1) (93106094c53a3fa1ad433ee22bfe71c1) switched from RUNNING to FINISHED.
2017-04-05 08:35:55,049 INFO  org.apache.flink.runtime.taskmanager.Task                     - Freeing task resources for DataSink (collect()) (1/1) (93106094c53a3fa1ad433ee22bfe71c1).
2017-04-05 08:35:55,049 INFO  org.apache.flink.core.fs.FileSystem                           - Ensuring all FileSystem streams are closed for DataSink (collect()) (1/1)
2017-04-05 08:35:55,049 INFO  org.apache.flink.runtime.taskmanager.TaskManager              - Un-registering task and sending final execution state FINISHED to JobManager for task DataSink (collect()) (93106094c53a3fa1ad433ee22bfe71c1)
2017-04-05 08:35:55,057 INFO  org.apache.flink.runtime.executiongraph.ExecutionGraph        - DataSink (collect()) (1/1) (93106094c53a3fa1ad433ee22bfe71c1) switched from RUNNING to FINISHED.
2017-04-05 08:35:55,058 INFO  org.apache.flink.runtime.executiongraph.ExecutionGraph        - Job Flink Java Job at Wed Apr 05 08:35:53 CEST 2017 (2e9f4d31f78dfaaa57e97ce184d9ad16) switched from state RUNNING to FINISHED.
