2017-04-05 08:35:52,561 ERROR org.apache.hadoop.util.Shell                                  - Failed to locate the winutils binary in the hadoop binary path
java.io.IOException: Could not locate executable null\bin\winutils.exe in the Hadoop binaries.
	at org.apache.hadoop.util.Shell.getQualifiedBinPath(Shell.java:356)
	at org.apache.hadoop.util.Shell.getWinUtilsPath(Shell.java:371)
	at org.apache.hadoop.util.Shell.<clinit>(Shell.java:364)
	at org.apache.hadoop.util.StringUtils.<clinit>(StringUtils.java:80)
	at org.apache.hadoop.security.SecurityUtil.getAuthenticationMethod(SecurityUtil.java:611)
	at org.apache.hadoop.security.UserGroupInformation.initialize(UserGroupInformation.java:272)
	at org.apache.hadoop.security.UserGroupInformation.ensureInitialized(UserGroupInformation.java:260)
	at org.apache.hadoop.security.UserGroupInformation.loginUserFromSubject(UserGroupInformation.java:790)
	at org.apache.hadoop.security.UserGroupInformation.getLoginUser(UserGroupInformation.java:760)
	at org.apache.hadoop.security.UserGroupInformation.getCurrentUser(UserGroupInformation.java:633)
	at org.apache.flink.runtime.util.EnvironmentInformation.getUserRunning(EnvironmentInformation.java:91)
	at org.apache.flink.runtime.util.EnvironmentInformation.logEnvironmentInfo(EnvironmentInformation.java:267)
	at org.apache.flink.client.CliFrontend.main(CliFrontend.java:1111)
2017-04-05 08:35:52,679 INFO  org.apache.flink.client.CliFrontend                           - --------------------------------------------------------------------------------
2017-04-05 08:35:52,679 INFO  org.apache.flink.client.CliFrontend                           -  Starting Command Line Client (Version: 1.2.0, Rev:1c659cf, Date:29.01.2017 @ 21:19:15 UTC)
2017-04-05 08:35:52,679 INFO  org.apache.flink.client.CliFrontend                           -  Current user: erihedma
2017-04-05 08:35:52,679 INFO  org.apache.flink.client.CliFrontend                           -  JVM: Java HotSpot(TM) 64-Bit Server VM - Oracle Corporation - 1.8/25.121-b13
2017-04-05 08:35:52,679 INFO  org.apache.flink.client.CliFrontend                           -  Maximum heap size: 3612 MiBytes
2017-04-05 08:35:52,679 INFO  org.apache.flink.client.CliFrontend                           -  JAVA_HOME: C:\Program Files\Java\jdk1.8.0_121
2017-04-05 08:35:52,681 INFO  org.apache.flink.client.CliFrontend                           -  Hadoop version: 2.7.2
2017-04-05 08:35:52,681 INFO  org.apache.flink.client.CliFrontend                           -  JVM Options:
2017-04-05 08:35:52,681 INFO  org.apache.flink.client.CliFrontend                           -     -Dlog.file=C:\Users\erihedma\AILogisticProject\flink-1.2.0/log/flink-erihedma-client-LAPTOP-ICO4B5VC.log
2017-04-05 08:35:52,681 INFO  org.apache.flink.client.CliFrontend                           -     -Dlog4j.configuration=file:C:\Users\erihedma\AILogisticProject\flink-1.2.0/conf/log4j-cli.properties
2017-04-05 08:35:52,681 INFO  org.apache.flink.client.CliFrontend                           -     -Dlogback.configurationFile=file:C:\Users\erihedma\AILogisticProject\flink-1.2.0/conf/logback.xml
2017-04-05 08:35:52,681 INFO  org.apache.flink.client.CliFrontend                           -  Program Arguments:
2017-04-05 08:35:52,681 INFO  org.apache.flink.client.CliFrontend                           -     run
2017-04-05 08:35:52,681 INFO  org.apache.flink.client.CliFrontend                           -     ./examples/batch/WordCount.jar
2017-04-05 08:35:52,682 INFO  org.apache.flink.client.CliFrontend                           -  Classpath: C:\Users\erihedma\AILogisticProject\flink-1.2.0\lib\flink-dist_2.11-1.2.0.jar;C:\Users\erihedma\AILogisticProject\flink-1.2.0\lib\flink-python_2.11-1.2.0.jar;C:\Users\erihedma\AILogisticProject\flink-1.2.0\lib\log4j-1.2.17.jar;C:\Users\erihedma\AILogisticProject\flink-1.2.0\lib\slf4j-log4j12-1.7.7.jar;.;.;.
2017-04-05 08:35:52,682 INFO  org.apache.flink.client.CliFrontend                           - --------------------------------------------------------------------------------
2017-04-05 08:35:52,682 INFO  org.apache.flink.client.CliFrontend                           - Using configuration directory C:\Users\erihedma\AILogisticProject\flink-1.2.0\conf
2017-04-05 08:35:52,682 INFO  org.apache.flink.client.CliFrontend                           - Trying to load configuration file
2017-04-05 08:35:52,685 INFO  org.apache.flink.configuration.GlobalConfiguration            - Loading configuration property: jobmanager.rpc.address, localhost
2017-04-05 08:35:52,685 INFO  org.apache.flink.configuration.GlobalConfiguration            - Loading configuration property: jobmanager.rpc.port, 6123
2017-04-05 08:35:52,685 INFO  org.apache.flink.configuration.GlobalConfiguration            - Loading configuration property: jobmanager.heap.mb, 256
2017-04-05 08:35:52,685 INFO  org.apache.flink.configuration.GlobalConfiguration            - Loading configuration property: taskmanager.heap.mb, 512
2017-04-05 08:35:52,686 INFO  org.apache.flink.configuration.GlobalConfiguration            - Loading configuration property: taskmanager.numberOfTaskSlots, 1
2017-04-05 08:35:52,686 INFO  org.apache.flink.configuration.GlobalConfiguration            - Loading configuration property: taskmanager.memory.preallocate, false
2017-04-05 08:35:52,686 INFO  org.apache.flink.configuration.GlobalConfiguration            - Loading configuration property: parallelism.default, 1
2017-04-05 08:35:52,686 INFO  org.apache.flink.configuration.GlobalConfiguration            - Loading configuration property: jobmanager.web.port, 8081
2017-04-05 08:35:52,824 INFO  org.apache.flink.configuration.GlobalConfiguration            - Loading configuration property: jobmanager.rpc.address, localhost
2017-04-05 08:35:52,824 INFO  org.apache.flink.configuration.GlobalConfiguration            - Loading configuration property: jobmanager.rpc.port, 6123
2017-04-05 08:35:52,825 INFO  org.apache.flink.configuration.GlobalConfiguration            - Loading configuration property: jobmanager.heap.mb, 256
2017-04-05 08:35:52,825 INFO  org.apache.flink.configuration.GlobalConfiguration            - Loading configuration property: taskmanager.heap.mb, 512
2017-04-05 08:35:52,825 INFO  org.apache.flink.configuration.GlobalConfiguration            - Loading configuration property: taskmanager.numberOfTaskSlots, 1
2017-04-05 08:35:52,825 INFO  org.apache.flink.configuration.GlobalConfiguration            - Loading configuration property: taskmanager.memory.preallocate, false
2017-04-05 08:35:52,825 INFO  org.apache.flink.configuration.GlobalConfiguration            - Loading configuration property: parallelism.default, 1
2017-04-05 08:35:52,825 INFO  org.apache.flink.configuration.GlobalConfiguration            - Loading configuration property: jobmanager.web.port, 8081
2017-04-05 08:35:52,851 INFO  org.apache.flink.runtime.security.modules.HadoopModule        - Hadoop user set to erihedma (auth:SIMPLE)
2017-04-05 08:35:52,982 INFO  org.apache.flink.client.CliFrontend                           - Running 'run' command.
2017-04-05 08:35:52,986 INFO  org.apache.flink.client.CliFrontend                           - Building program from JAR file
2017-04-05 08:35:53,045 INFO  org.apache.flink.client.CliFrontend                           - Cluster configuration: Standalone cluster with JobManager at localhost/127.0.0.1:6123
2017-04-05 08:35:53,046 INFO  org.apache.flink.client.CliFrontend                           - Using address localhost:6123 to connect to JobManager.
2017-04-05 08:35:53,046 INFO  org.apache.flink.client.CliFrontend                           - JobManager web interface address http://localhost:8081
2017-04-05 08:35:53,047 INFO  org.apache.flink.client.CliFrontend                           - Starting execution of program
2017-04-05 08:35:53,047 INFO  org.apache.flink.client.program.StandaloneClusterClient       - Starting program in interactive mode
2017-04-05 08:35:53,120 INFO  org.apache.flink.api.java.ExecutionEnvironment                - The job has 0 registered types and 0 default Kryo serializers
2017-04-05 08:35:53,172 INFO  org.apache.flink.configuration.GlobalConfiguration            - Loading configuration property: jobmanager.rpc.address, localhost
2017-04-05 08:35:53,172 INFO  org.apache.flink.configuration.GlobalConfiguration            - Loading configuration property: jobmanager.rpc.port, 6123
2017-04-05 08:35:53,172 INFO  org.apache.flink.configuration.GlobalConfiguration            - Loading configuration property: jobmanager.heap.mb, 256
2017-04-05 08:35:53,172 INFO  org.apache.flink.configuration.GlobalConfiguration            - Loading configuration property: taskmanager.heap.mb, 512
2017-04-05 08:35:53,172 INFO  org.apache.flink.configuration.GlobalConfiguration            - Loading configuration property: taskmanager.numberOfTaskSlots, 1
2017-04-05 08:35:53,173 INFO  org.apache.flink.configuration.GlobalConfiguration            - Loading configuration property: taskmanager.memory.preallocate, false
2017-04-05 08:35:53,173 INFO  org.apache.flink.configuration.GlobalConfiguration            - Loading configuration property: parallelism.default, 1
2017-04-05 08:35:53,173 INFO  org.apache.flink.configuration.GlobalConfiguration            - Loading configuration property: jobmanager.web.port, 8081
2017-04-05 08:35:53,235 INFO  org.apache.flink.client.program.StandaloneClusterClient       - Submitting job with JobID: 2e9f4d31f78dfaaa57e97ce184d9ad16. Waiting for job completion.
2017-04-05 08:35:53,236 INFO  org.apache.flink.client.program.StandaloneClusterClient       - Starting client actor system.
2017-04-05 08:35:53,646 INFO  akka.event.slf4j.Slf4jLogger                                  - Slf4jLogger started
2017-04-05 08:35:53,677 INFO  Remoting                                                      - Starting remoting
2017-04-05 08:35:53,852 INFO  Remoting                                                      - Remoting started; listening on addresses :[akka.tcp://flink@127.0.0.1:60197]
2017-04-05 08:35:53,866 INFO  org.apache.flink.runtime.client.JobSubmissionClientActor      - Disconnect from JobManager null.
2017-04-05 08:35:53,875 INFO  org.apache.flink.runtime.client.JobSubmissionClientActor      - Received SubmitJobAndWait(JobGraph(jobId: 2e9f4d31f78dfaaa57e97ce184d9ad16)) but there is no connection to a JobManager yet.
2017-04-05 08:35:53,875 INFO  org.apache.flink.runtime.client.JobSubmissionClientActor      - Received job Flink Java Job at Wed Apr 05 08:35:53 CEST 2017 (2e9f4d31f78dfaaa57e97ce184d9ad16).
2017-04-05 08:35:54,068 INFO  org.apache.flink.runtime.client.JobSubmissionClientActor      - Connect to JobManager Actor[akka.tcp://flink@localhost:6123/user/jobmanager#-1144777956].
2017-04-05 08:35:54,068 INFO  org.apache.flink.runtime.client.JobSubmissionClientActor      - Connected to new JobManager akka.tcp://flink@localhost:6123/user/jobmanager.
2017-04-05 08:35:54,073 INFO  org.apache.flink.runtime.client.JobSubmissionClientActor      - Connected to JobManager at Actor[akka.tcp://flink@localhost:6123/user/jobmanager#-1144777956]
2017-04-05 08:35:54,077 INFO  org.apache.flink.runtime.client.JobSubmissionClientActor      - Sending message to JobManager akka.tcp://flink@localhost:6123/user/jobmanager to submit job Flink Java Job at Wed Apr 05 08:35:53 CEST 2017 (2e9f4d31f78dfaaa57e97ce184d9ad16) and wait for progress
2017-04-05 08:35:54,079 INFO  org.apache.flink.runtime.client.JobSubmissionClientActor      - Upload jar files to job manager akka.tcp://flink@localhost:6123/user/jobmanager.
2017-04-05 08:35:54,102 INFO  org.apache.flink.runtime.blob.BlobClient                      - Blob client connecting to akka.tcp://flink@localhost:6123/user/jobmanager
2017-04-05 08:35:54,121 INFO  org.apache.flink.runtime.client.JobSubmissionClientActor      - Submit job to the job manager akka.tcp://flink@localhost:6123/user/jobmanager.
2017-04-05 08:35:54,339 INFO  org.apache.flink.runtime.client.JobSubmissionClientActor      - Job 2e9f4d31f78dfaaa57e97ce184d9ad16 was successfully submitted to the JobManager akka://flink/deadLetters.
2017-04-05 08:35:54,340 INFO  org.apache.flink.runtime.client.JobSubmissionClientActor      - 04/05/2017 08:35:54	Job execution switched to status RUNNING.
2017-04-05 08:35:54,410 INFO  org.apache.flink.runtime.client.JobSubmissionClientActor      - 04/05/2017 08:35:54	CHAIN DataSource (at getDefaultTextLineDataSet(WordCountData.java:70) (org.apache.flink.api.java.io.CollectionInputFormat)) -> FlatMap (FlatMap at main(WordCount.java:78)) -> Combine(SUM(1), at main(WordCount.java:78)(1/1) switched to SCHEDULED 
2017-04-05 08:35:54,419 INFO  org.apache.flink.runtime.client.JobSubmissionClientActor      - 04/05/2017 08:35:54	CHAIN DataSource (at getDefaultTextLineDataSet(WordCountData.java:70) (org.apache.flink.api.java.io.CollectionInputFormat)) -> FlatMap (FlatMap at main(WordCount.java:78)) -> Combine(SUM(1), at main(WordCount.java:78)(1/1) switched to DEPLOYING 
2017-04-05 08:35:54,502 INFO  org.apache.flink.runtime.client.JobSubmissionClientActor      - 04/05/2017 08:35:54	CHAIN DataSource (at getDefaultTextLineDataSet(WordCountData.java:70) (org.apache.flink.api.java.io.CollectionInputFormat)) -> FlatMap (FlatMap at main(WordCount.java:78)) -> Combine(SUM(1), at main(WordCount.java:78)(1/1) switched to RUNNING 
2017-04-05 08:35:54,877 INFO  org.apache.flink.runtime.client.JobSubmissionClientActor      - 04/05/2017 08:35:54	Reduce (SUM(1), at main(WordCount.java:78)(1/1) switched to SCHEDULED 
2017-04-05 08:35:54,885 INFO  org.apache.flink.runtime.client.JobSubmissionClientActor      - 04/05/2017 08:35:54	Reduce (SUM(1), at main(WordCount.java:78)(1/1) switched to DEPLOYING 
2017-04-05 08:35:54,912 INFO  org.apache.flink.runtime.client.JobSubmissionClientActor      - 04/05/2017 08:35:54	Reduce (SUM(1), at main(WordCount.java:78)(1/1) switched to RUNNING 
2017-04-05 08:35:54,932 INFO  org.apache.flink.runtime.client.JobSubmissionClientActor      - 04/05/2017 08:35:54	CHAIN DataSource (at getDefaultTextLineDataSet(WordCountData.java:70) (org.apache.flink.api.java.io.CollectionInputFormat)) -> FlatMap (FlatMap at main(WordCount.java:78)) -> Combine(SUM(1), at main(WordCount.java:78)(1/1) switched to FINISHED 
2017-04-05 08:35:55,026 INFO  org.apache.flink.runtime.client.JobSubmissionClientActor      - 04/05/2017 08:35:55	DataSink (collect())(1/1) switched to SCHEDULED 
2017-04-05 08:35:55,032 INFO  org.apache.flink.runtime.client.JobSubmissionClientActor      - 04/05/2017 08:35:55	DataSink (collect())(1/1) switched to DEPLOYING 
2017-04-05 08:35:55,046 INFO  org.apache.flink.runtime.client.JobSubmissionClientActor      - 04/05/2017 08:35:55	Reduce (SUM(1), at main(WordCount.java:78)(1/1) switched to FINISHED 
2017-04-05 08:35:55,065 INFO  org.apache.flink.runtime.client.JobSubmissionClientActor      - 04/05/2017 08:35:55	DataSink (collect())(1/1) switched to RUNNING 
2017-04-05 08:35:55,079 INFO  org.apache.flink.runtime.client.JobSubmissionClientActor      - 04/05/2017 08:35:55	DataSink (collect())(1/1) switched to FINISHED 
2017-04-05 08:35:55,081 INFO  org.apache.flink.runtime.client.JobSubmissionClientActor      - 04/05/2017 08:35:55	Job execution switched to status FINISHED.
2017-04-05 08:35:55,085 INFO  org.apache.flink.runtime.client.JobSubmissionClientActor      - Terminate JobClientActor.
2017-04-05 08:35:55,085 INFO  org.apache.flink.runtime.client.JobSubmissionClientActor      - Disconnect from JobManager Actor[akka.tcp://flink@localhost:6123/user/jobmanager#-1144777956].
2017-04-05 08:35:55,088 INFO  org.apache.flink.runtime.client.JobClient                     - Job execution complete
2017-04-05 08:35:55,239 INFO  org.apache.flink.client.CliFrontend                           - Program execution finished
2017-04-05 08:35:55,249 INFO  akka.remote.RemoteActorRefProvider$RemotingTerminator         - Shutting down remote daemon.
2017-04-05 08:35:55,249 INFO  akka.remote.RemoteActorRefProvider$RemotingTerminator         - Remote daemon shut down; proceeding with flushing remote transports.
2017-04-05 08:35:55,297 INFO  akka.remote.RemoteActorRefProvider$RemotingTerminator         - Remoting shut down.
